<?xml version="1.0" encoding="UTF-8"?>
<!-- Generated by org.testng.reporters.JUnitReportReporter -->
<testsuite hostname="DESKTOP-5TCP881" failures="0" tests="1" name="LoginPage.loginPageTest" time="2.981" errors="0" timestamp="2023-09-16T19:47:55 IST" skipped="0">
  <testcase classname="LoginPage.loginPageTest" name="validateLoginPage" time="2.981"/>
  <system-out/>
</testsuite> <!-- LoginPage.loginPageTest -->
