<?xml version="1.0" encoding="UTF-8"?>
<!-- Generated by org.testng.reporters.JUnitReportReporter -->
<testsuite hostname="DESKTOP-5TCP881" failures="0" tests="1" name="HomePage.homePageTest" time="24.089" errors="0" timestamp="2023-09-18T19:58:44 IST" skipped="0">
  <testcase classname="HomePage.homePageTest" name="validateProductList" time="24.089"/>
  <system-out/>
</testsuite> <!-- HomePage.homePageTest -->
